Connecting to database specified by database.yml
Connecting to database specified by database.yml
  [1m[36m (0.2ms)[0m  [1mselect sqlite_version(*)[0m
  [1m[35m (1.1ms)[0m  CREATE TABLE "schema_migrations" ("version" varchar(255) NOT NULL) 
  [1m[36m (0.8ms)[0m  [1mCREATE UNIQUE INDEX "unique_schema_migrations" ON "schema_migrations" ("version")[0m
  [1m[35m (1.9ms)[0m  SELECT "schema_migrations"."version" FROM "schema_migrations" 
Connecting to database specified by database.yml
  [1m[36m (40.6ms)[0m  [1mSELECT "schema_migrations"."version" FROM "schema_migrations" [0m
Migrating to CreateOpenStaxAccountsUsers (0)
  [1m[35m (0.1ms)[0m  select sqlite_version(*)
  [1m[36m (0.0ms)[0m  [1mbegin transaction[0m
  [1m[35m (0.4ms)[0m  CREATE TABLE "openstax_accounts_users" ("id" INTEGER PRIMARY KEY AUTOINCREMENT NOT NULL, "openstax_uid" integer, "username" varchar(255), "first_name" varchar(255), "last_name" varchar(255), "full_name" varchar(255), "title" varchar(255), "access_token" varchar(255), "created_at" datetime NOT NULL, "updated_at" datetime NOT NULL) 
  [1m[36m (0.2ms)[0m  [1mCREATE UNIQUE INDEX "index_openstax_accounts_users_on_openstax_uid" ON "openstax_accounts_users" ("openstax_uid")[0m
  [1m[35m (0.1ms)[0m  CREATE UNIQUE INDEX "index_openstax_accounts_users_on_username" ON "openstax_accounts_users" ("username")
  [1m[36m (0.1ms)[0m  [1mINSERT INTO "schema_migrations" ("version") VALUES ('0')[0m
  [1m[35m (1.4ms)[0m  commit transaction
  [1m[36m (0.1ms)[0m  [1mSELECT "schema_migrations"."version" FROM "schema_migrations" [0m
Connecting to database specified by database.yml
  [1m[36m (1.9ms)[0m  [1mSELECT "schema_migrations"."version" FROM "schema_migrations" [0m
  [1m[35m (0.2ms)[0m  select sqlite_version(*)
  [1m[36m (1.1ms)[0m  [1mCREATE TABLE "openstax_accounts_users" ("id" INTEGER PRIMARY KEY AUTOINCREMENT NOT NULL, "openstax_uid" integer, "username" varchar(255), "first_name" varchar(255), "last_name" varchar(255), "full_name" varchar(255), "title" varchar(255), "access_token" varchar(255), "created_at" datetime NOT NULL, "updated_at" datetime NOT NULL) [0m
  [1m[35m (0.9ms)[0m  CREATE UNIQUE INDEX "index_openstax_accounts_users_on_openstax_uid" ON "openstax_accounts_users" ("openstax_uid")
  [1m[36m (11.0ms)[0m  [1mCREATE UNIQUE INDEX "index_openstax_accounts_users_on_username" ON "openstax_accounts_users" ("username")[0m
  [1m[35m (0.6ms)[0m  CREATE TABLE "schema_migrations" ("version" varchar(255) NOT NULL) 
  [1m[36m (0.7ms)[0m  [1mCREATE UNIQUE INDEX "unique_schema_migrations" ON "schema_migrations" ("version")[0m
  [1m[35m (0.1ms)[0m  SELECT version FROM "schema_migrations"
  [1m[36m (0.7ms)[0m  [1mINSERT INTO "schema_migrations" (version) VALUES ('0')[0m
Connecting to database specified by database.yml
  [1m[36m (2.1ms)[0m  [1mSELECT "schema_migrations"."version" FROM "schema_migrations" [0m
  [1m[35m (0.2ms)[0m  select sqlite_version(*)
  [1m[36m (1.8ms)[0m  [1mDROP TABLE "openstax_accounts_users"[0m
  [1m[35m (1.0ms)[0m  CREATE TABLE "openstax_accounts_users" ("id" INTEGER PRIMARY KEY AUTOINCREMENT NOT NULL, "openstax_uid" integer, "username" varchar(255), "first_name" varchar(255), "last_name" varchar(255), "full_name" varchar(255), "title" varchar(255), "access_token" varchar(255), "created_at" datetime NOT NULL, "updated_at" datetime NOT NULL) 
  [1m[36m (1.0ms)[0m  [1mCREATE UNIQUE INDEX "index_openstax_accounts_users_on_openstax_uid" ON "openstax_accounts_users" ("openstax_uid")[0m
  [1m[35m (0.9ms)[0m  CREATE UNIQUE INDEX "index_openstax_accounts_users_on_username" ON "openstax_accounts_users" ("username")
  [1m[36m (0.1ms)[0m  [1mSELECT version FROM "schema_migrations"[0m
Connecting to database specified by database.yml
  [1m[36m (1.9ms)[0m  [1mSELECT "schema_migrations"."version" FROM "schema_migrations" [0m
  [1m[35m (0.2ms)[0m  select sqlite_version(*)
  [1m[36m (1.0ms)[0m  [1mDROP TABLE "openstax_accounts_users"[0m
  [1m[35m (0.9ms)[0m  CREATE TABLE "openstax_accounts_users" ("id" INTEGER PRIMARY KEY AUTOINCREMENT NOT NULL, "openstax_uid" integer, "username" varchar(255), "first_name" varchar(255), "last_name" varchar(255), "full_name" varchar(255), "title" varchar(255), "access_token" varchar(255), "created_at" datetime NOT NULL, "updated_at" datetime NOT NULL) 
  [1m[36m (0.9ms)[0m  [1mCREATE UNIQUE INDEX "index_openstax_accounts_users_on_openstax_uid" ON "openstax_accounts_users" ("openstax_uid")[0m
  [1m[35m (0.9ms)[0m  CREATE UNIQUE INDEX "index_openstax_accounts_users_on_username" ON "openstax_accounts_users" ("username")
  [1m[36m (0.1ms)[0m  [1mSELECT version FROM "schema_migrations"[0m
Connecting to database specified by database.yml
  [1m[36m (2.1ms)[0m  [1mSELECT "schema_migrations"."version" FROM "schema_migrations" [0m
  [1m[35m (0.2ms)[0m  select sqlite_version(*)
  [1m[36m (1.0ms)[0m  [1mDROP TABLE "openstax_accounts_users"[0m
  [1m[35m (0.8ms)[0m  CREATE TABLE "openstax_accounts_users" ("id" INTEGER PRIMARY KEY AUTOINCREMENT NOT NULL, "openstax_uid" integer, "username" varchar(255), "first_name" varchar(255), "last_name" varchar(255), "full_name" varchar(255), "title" varchar(255), "access_token" varchar(255), "created_at" datetime NOT NULL, "updated_at" datetime NOT NULL) 
  [1m[36m (0.8ms)[0m  [1mCREATE UNIQUE INDEX "index_openstax_accounts_users_on_openstax_uid" ON "openstax_accounts_users" ("openstax_uid")[0m
  [1m[35m (0.8ms)[0m  CREATE UNIQUE INDEX "index_openstax_accounts_users_on_username" ON "openstax_accounts_users" ("username")
  [1m[36m (0.1ms)[0m  [1mSELECT version FROM "schema_migrations"[0m
Connecting to database specified by database.yml
  [1m[36m (1.9ms)[0m  [1mSELECT "schema_migrations"."version" FROM "schema_migrations" [0m
  [1m[35m (0.2ms)[0m  select sqlite_version(*)
  [1m[36m (1.8ms)[0m  [1mDROP TABLE "openstax_accounts_users"[0m
  [1m[35m (1.0ms)[0m  CREATE TABLE "openstax_accounts_users" ("id" INTEGER PRIMARY KEY AUTOINCREMENT NOT NULL, "openstax_uid" integer, "username" varchar(255), "first_name" varchar(255), "last_name" varchar(255), "full_name" varchar(255), "title" varchar(255), "access_token" varchar(255), "created_at" datetime NOT NULL, "updated_at" datetime NOT NULL) 
  [1m[36m (0.8ms)[0m  [1mCREATE UNIQUE INDEX "index_openstax_accounts_users_on_openstax_uid" ON "openstax_accounts_users" ("openstax_uid")[0m
  [1m[35m (0.8ms)[0m  CREATE UNIQUE INDEX "index_openstax_accounts_users_on_username" ON "openstax_accounts_users" ("username")
  [1m[36m (0.1ms)[0m  [1mSELECT version FROM "schema_migrations"[0m
Connecting to database specified by database.yml
  [1m[36m (0.1ms)[0m  [1mSELECT "schema_migrations"."version" FROM "schema_migrations" [0m
  [1m[35m (0.2ms)[0m  select sqlite_version(*)
  [1m[36m (1.2ms)[0m  [1mDROP TABLE "openstax_accounts_users"[0m
  [1m[35m (8.0ms)[0m  CREATE TABLE "openstax_accounts_users" ("id" INTEGER PRIMARY KEY AUTOINCREMENT NOT NULL, "openstax_uid" integer, "username" varchar(255), "first_name" varchar(255), "last_name" varchar(255), "full_name" varchar(255), "title" varchar(255), "access_token" varchar(255), "created_at" datetime NOT NULL, "updated_at" datetime NOT NULL) 
  [1m[36m (6.2ms)[0m  [1mCREATE UNIQUE INDEX "index_openstax_accounts_users_on_openstax_uid" ON "openstax_accounts_users" ("openstax_uid")[0m
  [1m[35m (6.0ms)[0m  CREATE UNIQUE INDEX "index_openstax_accounts_users_on_username" ON "openstax_accounts_users" ("username")
  [1m[36m (0.1ms)[0m  [1mSELECT version FROM "schema_migrations"[0m
